<?xml version="1.0" encoding="UTF-8"?>
<testsuite xmlns:xsi="http://www.w3.org/2001/XMLSchema-instance" xsi:noNamespaceSchemaLocation="https://maven.apache.org/surefire/maven-surefire-plugin/xsd/surefire-test-report-3.0.xsd" version="3.0" name="com.example.auth.EmailConfigurationTest" time="0.869" tests="1" errors="0" skipped="0" failures="0">
  <properties>
[...]
</properties>
  <testcase name="testEmailConfiguration" classname="com.example.auth.EmailConfigurationTest" time="0.867">
    <system-out><![CDATA[开始邮件服务器配置测试...
DEBUG: Jakarta Mail version 2.1.2
DEBUG: URL jar:file:/Users/jeanxu/.m2/repository/org/eclipse/angus/jakarta.mail/2.0.2/jakarta.mail-2.0.2.jar!/META-INF/javamail.providers
DEBUG: successfully loaded resource: jar:file:/Users/jeanxu/.m2/repository/org/eclipse/angus/jakarta.mail/2.0.2/jakarta.mail-2.0.2.jar!/META-INF/javamail.providers
DEBUG: successfully loaded resource: /META-INF/javamail.default.providers
DEBUG: Tables of loaded providers
DEBUG: Providers Listed By Class Name: {org.eclipse.angus.mail.imap.IMAPStore=jakarta.mail.Provider[STORE,imap,org.eclipse.angus.mail.imap.IMAPStore,Oracle], org.eclipse.angus.mail.smtp.SMTPTransport=jakarta.mail.Provider[TRANSPORT,smtp,org.eclipse.angus.mail.smtp.SMTPTransport,Oracle], org.eclipse.angus.mail.pop3.POP3Store=jakarta.mail.Provider[STORE,pop3,org.eclipse.angus.mail.pop3.POP3Store,Oracle], org.eclipse.angus.mail.pop3.POP3SSLStore=jakarta.mail.Provider[STORE,pop3s,org.eclipse.angus.mail.pop3.POP3SSLStore,Oracle], org.eclipse.angus.mail.smtp.SMTPSSLTransport=jakarta.mail.Provider[TRANSPORT,smtps,org.eclipse.angus.mail.smtp.SMTPSSLTransport,Oracle], org.eclipse.angus.mail.imap.IMAPSSLStore=jakarta.mail.Provider[STORE,imaps,org.eclipse.angus.mail.imap.IMAPSSLStore,Oracle]}
DEBUG: Providers Listed By Protocol: {imap=jakarta.mail.Provider[STORE,imap,org.eclipse.angus.mail.imap.IMAPStore,Oracle], smtp=jakarta.mail.Provider[TRANSPORT,smtp,org.eclipse.angus.mail.smtp.SMTPTransport,Oracle], pop3=jakarta.mail.Provider[STORE,pop3,org.eclipse.angus.mail.pop3.POP3Store,Oracle], imaps=jakarta.mail.Provider[STORE,imaps,org.eclipse.angus.mail.imap.IMAPSSLStore,Oracle], smtps=jakarta.mail.Provider[TRANSPORT,smtps,org.eclipse.angus.mail.smtp.SMTPSSLTransport,Oracle], pop3s=jakarta.mail.Provider[STORE,pop3s,org.eclipse.angus.mail.pop3.POP3SSLStore,Oracle]}
DEBUG: successfully loaded resource: /META-INF/javamail.default.address.map
DEBUG: URL jar:file:/Users/jeanxu/.m2/repository/org/eclipse/angus/jakarta.mail/2.0.2/jakarta.mail-2.0.2.jar!/META-INF/javamail.address.map
DEBUG: successfully loaded resource: jar:file:/Users/jeanxu/.m2/repository/org/eclipse/angus/jakarta.mail/2.0.2/jakarta.mail-2.0.2.jar!/META-INF/javamail.address.map
尝试发送邮件到: Jean.xu@muyacorp.com
使用SMTP服务器: smtp.muyacorp.com:25 (不加密)
使用账号: system@muyacorp.com
DEBUG: getProvider() returning jakarta.mail.Provider[TRANSPORT,smtp,org.eclipse.angus.mail.smtp.SMTPTransport,Oracle]
DEBUG SMTP: need username and password for authentication
DEBUG SMTP: protocolConnect returning false, host=smtp.muyacorp.com, user=jeanxu, password=<null>
DEBUG SMTP: useEhlo true, useAuth true
DEBUG SMTP: trying to connect to host "smtp.muyacorp.com", port 25, isSSL false
220 smtp.aliyun-inc.com MX AliMail Server
DEBUG SMTP: connected to host "smtp.muyacorp.com", port: 25
EHLO 192.168.1.10
250-smtp.aliyun-inc.com
250-STARTTLS
250-8BITMIME
250-AUTH=PLAIN LOGIN XOAUTH2 XALIOAUTH
250-AUTH PLAIN LOGIN XOAUTH2 XALIOAUTH
250-PIPELINING
250 DSN
DEBUG SMTP: Found extension "STARTTLS", arg ""
DEBUG SMTP: Found extension "8BITMIME", arg ""
DEBUG SMTP: Found extension "AUTH=PLAIN", arg "LOGIN XOAUTH2 XALIOAUTH"
DEBUG SMTP: Found extension "AUTH", arg "PLAIN LOGIN XOAUTH2 XALIOAUTH"
DEBUG SMTP: Found extension "PIPELINING", arg ""
DEBUG SMTP: Found extension "DSN", arg ""
DEBUG SMTP: protocolConnect login, host=smtp.muyacorp.com, user=system@muyacorp.com, password=<non-null>
DEBUG SMTP: Attempt to authenticate using mechanisms: LOGIN PLAIN DIGEST-MD5 NTLM XOAUTH2 
DEBUG SMTP: Using mechanism LOGIN
DEBUG SMTP: AUTH LOGIN command trace suppressed
DEBUG SMTP: AUTH LOGIN succeeded
DEBUG SMTP: use8bit false
MAIL FROM:<system@muyacorp.com>
250 Mail Ok
RCPT TO:<Jean.xu@muyacorp.com>
250 Rcpt Ok
DEBUG SMTP: Verified Addresses
DEBUG SMTP:   Jean.xu@muyacorp.com
DATA
354 End data with <CR><LF>.<CR><LF>
Date: Sun, 17 Aug 2025 00:39:14 +0800 (CST)
From: system@muyacorp.com
To: Jean.xu@muyacorp.com
Message-ID: <2048013503.0.1755362354995@[192.168.1.10]>
Subject: =?UTF-8?B?6YKu5Lu25pyN5Yqh5Zmo6YWN572u5rWL6K+V?=
 =?UTF-8?B?IC0g5LiN5Yqg5a+G56uv5Y+jMjU=?=
MIME-Version: 1.0
Content-Type: text/plain; charset=UTF-8
Content-Transfer-Encoding: base64

6L+Z5piv5LiA5bCB5rWL6K+V6YKu5Lu277yM55So5LqO6aqM6K+B6YKu5Lu25pyN5Yqh5Zmo6YWN
572u5piv5ZCm5q2j56Gu44CCCgrlpoLmnpzmgqjmlLbliLDmraTpgq7ku7bvvIzor7TmmI7phY3n
va7lt7LmiJDlip/vvIEKCuezu+e7n+euoeeQhuWRmA==
.
250 Data Ok: queued as freedom
DEBUG SMTP: message successfully delivered to mail server
QUIT
221 Bye
测试邮件已成功发送到: Jean.xu@muyacorp.com 时间: 2025-08-17T00:39:15.762070
邮件配置测试完成！
]]></system-out>
  </testcase>
</testsuite>